info: UserController initialized {"timestamp":"2026-01-27T08:31:33.112Z"}
info: UserController {/api/v1/user}: {"context":"RoutesResolver","timestamp":"2026-01-27T08:31:33.114Z"}
info: Mapped {/api/v1/user, GET} route {"context":"RouterExplorer","timestamp":"2026-01-27T08:31:33.115Z"}
info: Mapped {/api/v1/user, POST} route {"context":"RouterExplorer","timestamp":"2026-01-27T08:31:33.116Z"}
info: Mapped {/api/v1/user/profile, GET} route {"context":"RouterExplorer","timestamp":"2026-01-27T08:31:33.116Z"}
info: Mapped {/api/v1/user/logs, GET} route {"context":"RouterExplorer","timestamp":"2026-01-27T08:31:33.116Z"}
info: Mapped {/api/v1/user/logsByGrop, GET} route {"context":"RouterExplorer","timestamp":"2026-01-27T08:31:33.117Z"}
info: Nest application successfully started {"context":"NestApplication","timestamp":"2026-01-27T08:31:33.117Z"}
info: UserController initialized {"timestamp":"2026-01-27T08:32:09.015Z"}
info: UserController {/api/v1/user}: {"context":"RoutesResolver","timestamp":"2026-01-27T08:32:09.017Z"}
info: Mapped {/api/v1/user, GET} route {"context":"RouterExplorer","timestamp":"2026-01-27T08:32:09.018Z"}
info: Mapped {/api/v1/user, POST} route {"context":"RouterExplorer","timestamp":"2026-01-27T08:32:09.018Z"}
info: Mapped {/api/v1/user/profile, GET} route {"context":"RouterExplorer","timestamp":"2026-01-27T08:32:09.019Z"}
info: Mapped {/api/v1/user/logs, GET} route {"context":"RouterExplorer","timestamp":"2026-01-27T08:32:09.019Z"}
info: Mapped {/api/v1/user/logsByGrop, GET} route {"context":"RouterExplorer","timestamp":"2026-01-27T08:32:09.019Z"}
info: Nest application successfully started {"context":"NestApplication","timestamp":"2026-01-27T08:32:09.020Z"}
info: UserController initialized {"timestamp":"2026-01-27T08:33:42.583Z"}
info: UserController {/api/v1/user}: {"context":"RoutesResolver","timestamp":"2026-01-27T08:33:42.585Z"}
info: Mapped {/api/v1/user, GET} route {"context":"RouterExplorer","timestamp":"2026-01-27T08:33:42.586Z"}
info: Mapped {/api/v1/user, POST} route {"context":"RouterExplorer","timestamp":"2026-01-27T08:33:42.587Z"}
info: Mapped {/api/v1/user/profile, GET} route {"context":"RouterExplorer","timestamp":"2026-01-27T08:33:42.587Z"}
info: Mapped {/api/v1/user/logs, GET} route {"context":"RouterExplorer","timestamp":"2026-01-27T08:33:42.587Z"}
info: Mapped {/api/v1/user/logsByGrop, GET} route {"context":"RouterExplorer","timestamp":"2026-01-27T08:33:42.588Z"}
info: Nest application successfully started {"context":"NestApplication","timestamp":"2026-01-27T08:33:42.588Z"}
info: UserController initialized {"timestamp":"2026-01-27T08:34:34.132Z"}
info: UserController {/api/v1/user}: {"context":"RoutesResolver","timestamp":"2026-01-27T08:34:34.134Z"}
info: Mapped {/api/v1/user, GET} route {"context":"RouterExplorer","timestamp":"2026-01-27T08:34:34.135Z"}
info: Mapped {/api/v1/user, POST} route {"context":"RouterExplorer","timestamp":"2026-01-27T08:34:34.135Z"}
info: Mapped {/api/v1/user/profile, GET} route {"context":"RouterExplorer","timestamp":"2026-01-27T08:34:34.136Z"}
info: Mapped {/api/v1/user/logs, GET} route {"context":"RouterExplorer","timestamp":"2026-01-27T08:34:34.136Z"}
info: Mapped {/api/v1/user/logsByGrop, GET} route {"context":"RouterExplorer","timestamp":"2026-01-27T08:34:34.136Z"}
info: Nest application successfully started {"context":"NestApplication","timestamp":"2026-01-27T08:34:34.137Z"}
info: UserController initialized {"timestamp":"2026-01-27T08:34:51.509Z"}
info: UserController {/api/v1/user}: {"context":"RoutesResolver","timestamp":"2026-01-27T08:34:51.511Z"}
info: Mapped {/api/v1/user, GET} route {"context":"RouterExplorer","timestamp":"2026-01-27T08:34:51.512Z"}
info: Mapped {/api/v1/user, POST} route {"context":"RouterExplorer","timestamp":"2026-01-27T08:34:51.512Z"}
info: Mapped {/api/v1/user/profile, GET} route {"context":"RouterExplorer","timestamp":"2026-01-27T08:34:51.513Z"}
info: Mapped {/api/v1/user/logs, GET} route {"context":"RouterExplorer","timestamp":"2026-01-27T08:34:51.513Z"}
info: Mapped {/api/v1/user/logsByGrop, GET} route {"context":"RouterExplorer","timestamp":"2026-01-27T08:34:51.513Z"}
info: Nest application successfully started {"context":"NestApplication","timestamp":"2026-01-27T08:34:51.514Z"}
info: UserController initialized {"timestamp":"2026-01-27T08:34:56.830Z"}
info: UserController {/api/v1/user}: {"context":"RoutesResolver","timestamp":"2026-01-27T08:34:56.832Z"}
info: Mapped {/api/v1/user, GET} route {"context":"RouterExplorer","timestamp":"2026-01-27T08:34:56.833Z"}
info: Mapped {/api/v1/user, POST} route {"context":"RouterExplorer","timestamp":"2026-01-27T08:34:56.833Z"}
info: Mapped {/api/v1/user/profile, GET} route {"context":"RouterExplorer","timestamp":"2026-01-27T08:34:56.834Z"}
info: Mapped {/api/v1/user/logs, GET} route {"context":"RouterExplorer","timestamp":"2026-01-27T08:34:56.834Z"}
info: Mapped {/api/v1/user/logsByGrop, GET} route {"context":"RouterExplorer","timestamp":"2026-01-27T08:34:56.834Z"}
info: Nest application successfully started {"context":"NestApplication","timestamp":"2026-01-27T08:34:56.835Z"}
info: UserController initialized {"timestamp":"2026-01-27T08:35:10.694Z"}
info: UserController {/api/v1/user}: {"context":"RoutesResolver","timestamp":"2026-01-27T08:35:10.696Z"}
info: Mapped {/api/v1/user, GET} route {"context":"RouterExplorer","timestamp":"2026-01-27T08:35:10.697Z"}
info: Mapped {/api/v1/user, POST} route {"context":"RouterExplorer","timestamp":"2026-01-27T08:35:10.697Z"}
info: Mapped {/api/v1/user/profile, GET} route {"context":"RouterExplorer","timestamp":"2026-01-27T08:35:10.698Z"}
info: Mapped {/api/v1/user/logs, GET} route {"context":"RouterExplorer","timestamp":"2026-01-27T08:35:10.698Z"}
info: Mapped {/api/v1/user/logsByGrop, GET} route {"context":"RouterExplorer","timestamp":"2026-01-27T08:35:10.698Z"}
info: Nest application successfully started {"context":"NestApplication","timestamp":"2026-01-27T08:35:10.699Z"}
info: 获取用户列表 {"timestamp":"2026-01-27T08:35:34.493Z"}
warn: 获取用户列表 {"timestamp":"2026-01-27T08:35:34.494Z"}
error: 获取用户列表 {"stack":[null],"timestamp":"2026-01-27T08:35:34.495Z"}
